<?xml version="1.0" encoding="utf-8"?>
<TestRun id="6a97b3b3-ec51-4709-b7ef-fb806903cc88" name="User@DESKTOP-N5UDTPE 2026-02-18 14:58:45" runUser="DESKTOP-N5UDTPE\User" xmlns="http://microsoft.com/schemas/VisualStudio/TeamTest/2010">
  <Times creation="2026-02-18T14:58:45.6954360+01:00" queuing="2026-02-18T14:58:45.6954363+01:00" start="2026-02-18T14:58:44.0743324+01:00" finish="2026-02-18T14:58:45.7015032+01:00" />
  <TestSettings name="default" id="883fd42d-8074-41ba-89c1-6dcbed893ee0">
    <Deployment runDeploymentRoot="User_DESKTOP-N5UDTPE_2026-02-18_14_58_45" />
  </TestSettings>
  <Results>
    <UnitTestResult executionId="318fd487-7ad4-4067-99fb-137380c0f50e" testId="d2ca1dbf-414b-561e-feff-7930fcbad730" testName="PostProcessTests.VersionedTraceEventTests.TryTraceLogConvert_Targeted_With_ToolsLoaded_Works" computerName="DESKTOP-N5UDTPE" duration="00:00:00.0131383" startTime="2026-02-18T14:58:45.5681420+01:00" endTime="2026-02-18T14:58:45.5681777+01:00" testType="13cdc9d9-ddb5-4fa4-a97d-d965ccfc6d4b" outcome="Passed" testListId="8c84fa94-04c1-424b-9868-57a2d4851a1d" relativeResultsDirectory="318fd487-7ad4-4067-99fb-137380c0f50e" />
    <UnitTestResult executionId="a9b06eb0-e6b0-44bf-be4e-4964465f4f6a" testId="c5c2d33f-d954-29c7-6dc7-fcb5fa9b13e5" testName="PostProcessTests.SymbolResolutionTests.TryUseMicrosoftDiagnosticsSymbols_Remaps_Hotspots_With_StubResolver" computerName="DESKTOP-N5UDTPE" duration="00:00:00.0170886" startTime="2026-02-18T14:58:45.5723774+01:00" endTime="2026-02-18T14:58:45.5723775+01:00" testType="13cdc9d9-ddb5-4fa4-a97d-d965ccfc6d4b" outcome="Passed" testListId="8c84fa94-04c1-424b-9868-57a2d4851a1d" relativeResultsDirectory="a9b06eb0-e6b0-44bf-be4e-4964465f4f6a" />
    <UnitTestResult executionId="9c9f429e-d578-4a87-81cc-9a370d347b01" testId="c46e4f23-54ee-de29-2ad7-9222b7d72541" testName="PostProcessTests.TraceLogConversionTests.TryTraceLogConvert_Targeted_Finds_Stub_TraceLog" computerName="DESKTOP-N5UDTPE" duration="00:00:00.0128763" startTime="2026-02-18T14:58:45.5709745+01:00" endTime="2026-02-18T14:58:45.5709746+01:00" testType="13cdc9d9-ddb5-4fa4-a97d-d965ccfc6d4b" outcome="Passed" testListId="8c84fa94-04c1-424b-9868-57a2d4851a1d" relativeResultsDirectory="9c9f429e-d578-4a87-81cc-9a370d347b01" />
  </Results>
  <TestDefinitions>
    <UnitTest name="PostProcessTests.TraceLogConversionTests.TryTraceLogConvert_Targeted_Finds_Stub_TraceLog" storage="c:\users\user\source\repos\aiprofiler\tests\postprocesstests\bin\debug\net10.0\postprocesstests.dll" id="c46e4f23-54ee-de29-2ad7-9222b7d72541">
      <Execution id="9c9f429e-d578-4a87-81cc-9a370d347b01" />
      <TestMethod codeBase="C:\Users\User\source\repos\aiprofiler\tests\PostProcessTests\bin\Debug\net10.0\PostProcessTests.dll" adapterTypeName="executor://xunit/VsTestRunner2/netcoreapp" className="PostProcessTests.TraceLogConversionTests" name="TryTraceLogConvert_Targeted_Finds_Stub_TraceLog" />
    </UnitTest>
    <UnitTest name="PostProcessTests.SymbolResolutionTests.TryUseMicrosoftDiagnosticsSymbols_Remaps_Hotspots_With_StubResolver" storage="c:\users\user\source\repos\aiprofiler\tests\postprocesstests\bin\debug\net10.0\postprocesstests.dll" id="c5c2d33f-d954-29c7-6dc7-fcb5fa9b13e5">
      <Execution id="a9b06eb0-e6b0-44bf-be4e-4964465f4f6a" />
      <TestMethod codeBase="C:\Users\User\source\repos\aiprofiler\tests\PostProcessTests\bin\Debug\net10.0\PostProcessTests.dll" adapterTypeName="executor://xunit/VsTestRunner2/netcoreapp" className="PostProcessTests.SymbolResolutionTests" name="TryUseMicrosoftDiagnosticsSymbols_Remaps_Hotspots_With_StubResolver" />
    </UnitTest>
    <UnitTest name="PostProcessTests.VersionedTraceEventTests.TryTraceLogConvert_Targeted_With_ToolsLoaded_Works" storage="c:\users\user\source\repos\aiprofiler\tests\postprocesstests\bin\debug\net10.0\postprocesstests.dll" id="d2ca1dbf-414b-561e-feff-7930fcbad730">
      <Execution id="318fd487-7ad4-4067-99fb-137380c0f50e" />
      <TestMethod codeBase="C:\Users\User\source\repos\aiprofiler\tests\PostProcessTests\bin\Debug\net10.0\PostProcessTests.dll" adapterTypeName="executor://xunit/VsTestRunner2/netcoreapp" className="PostProcessTests.VersionedTraceEventTests" name="TryTraceLogConvert_Targeted_With_ToolsLoaded_Works" />
    </UnitTest>
  </TestDefinitions>
  <TestEntries>
    <TestEntry testId="d2ca1dbf-414b-561e-feff-7930fcbad730" executionId="318fd487-7ad4-4067-99fb-137380c0f50e" testListId="8c84fa94-04c1-424b-9868-57a2d4851a1d" />
    <TestEntry testId="c5c2d33f-d954-29c7-6dc7-fcb5fa9b13e5" executionId="a9b06eb0-e6b0-44bf-be4e-4964465f4f6a" testListId="8c84fa94-04c1-424b-9868-57a2d4851a1d" />
    <TestEntry testId="c46e4f23-54ee-de29-2ad7-9222b7d72541" executionId="9c9f429e-d578-4a87-81cc-9a370d347b01" testListId="8c84fa94-04c1-424b-9868-57a2d4851a1d" />
  </TestEntries>
  <TestLists>
    <TestList name="Results Not in a List" id="8c84fa94-04c1-424b-9868-57a2d4851a1d" />
    <TestList name="All Loaded Results" id="19431567-8539-422a-85d7-44ee4e166bda" />
  </TestLists>
  <ResultSummary outcome="Completed">
    <Counters total="3" executed="3" passed="3" failed="0" error="0" timeout="0" aborted="0" inconclusive="0" passedButRunAborted="0" notRunnable="0" notExecuted="0" disconnected="0" warning="0" completed="0" inProgress="0" pending="0" />
    <Output>
      <StdOut>[xUnit.net 00:00:00.00] xUnit.net VSTest Adapter v2.4.5+1caef2f33e (64-bit .NET 10.0.3)&#xD;
[xUnit.net 00:00:00.74]   Discovering: PostProcessTests&#xD;
[xUnit.net 00:00:00.77]   Discovered:  PostProcessTests&#xD;
[xUnit.net 00:00:00.77]   Starting:    PostProcessTests&#xD;
[xUnit.net 00:00:00.83]   Finished:    PostProcessTests&#xD;
</StdOut>
    </Output>
  </ResultSummary>
</TestRun>